time="2024-10-16T10:43:22+08:00" level=info msg="read application configuration" func="dem3_demo_v2/pkg/config.GetConfig.func1()" file="config.go:33"
time="2024-10-16T10:43:22+08:00" level=fatal msg="sql: unknown driver \"postgres\" (forgotten import?)" func="main.main()" file="main.go:44"
time="2024-10-16T10:43:43+08:00" level=info msg="read application configuration" func="dem3_demo_v2/pkg/config.GetConfig.func1()" file="config.go:33"
time="2024-10-16T10:43:43+08:00" level=fatal msg="pq: \xe1\xe0\xe7\xe0 \xe4\xe0\xed\xed\xfb\xf5 \"productdb\" \xed\xe5 \xf1\xf3\xf9\xe5\xf1\xf2\xe2\xf3\xe5\xf2" func="main.main()" file="main.go:45"
time="2024-10-16T10:44:29+08:00" level=info msg="read application configuration" func="dem3_demo_v2/pkg/config.GetConfig.func1()" file="config.go:33"
time="2024-10-16T10:44:29+08:00" level=info msg="start app on addr:4000" func="main.main()" file="main.go:69"
time="2024-10-16T14:05:27+08:00" level=info msg="read application configuration" func="dem3_demo_v2/pkg/config.GetConfig.func1()" file="config.go:33"
time="2024-10-16T14:05:32+08:00" level=fatal msg="dial tcp: lookup db: no such host" func="main.main()" file="main.go:46"
time="2024-10-16T14:08:21+08:00" level=info msg="read application configuration" func="dem3_demo_v2/pkg/config.GetConfig.func1()" file="config.go:33"
time="2024-10-16T14:08:21+08:00" level=fatal msg="pq: \xef\xee\xeb\xfc\xe7\xee\xe2\xe0\xf2\xe5\xeb\xfc \"postgres\" \xed\xe5 \xef\xf0\xee\xf8\xb8\xeb \xef\xf0\xee\xe2\xe5\xf0\xea\xf3 \xef\xee\xe4\xeb\xe8\xed\xed\xee\xf1\xf2\xe8 (\xef\xee \xef\xe0\xf0\xee\xeb\xfe)" func="main.main()" file="main.go:46"
time="2024-10-16T14:08:32+08:00" level=info msg="read application configuration" func="dem3_demo_v2/pkg/config.GetConfig.func1()" file="config.go:33"
time="2024-10-16T14:08:32+08:00" level=fatal msg="pq: \xef\xee\xeb\xfc\xe7\xee\xe2\xe0\xf2\xe5\xeb\xfc \"postgres\" \xed\xe5 \xef\xf0\xee\xf8\xb8\xeb \xef\xf0\xee\xe2\xe5\xf0\xea\xf3 \xef\xee\xe4\xeb\xe8\xed\xed\xee\xf1\xf2\xe8 (\xef\xee \xef\xe0\xf0\xee\xeb\xfe)" func="main.main()" file="main.go:46"
time="2024-10-16T14:11:14+08:00" level=info msg="read application configuration" func="dem3_demo_v2/pkg/config.GetConfig.func1()" file="config.go:33"
time="2024-10-16T14:11:14+08:00" level=info msg="start app on addr:4000" func="main.main()" file="main.go:70"
time="2024-10-16T14:12:52+08:00" level=info msg="read application configuration" func="dem3_demo_v2/pkg/config.GetConfig.func1()" file="config.go:33"
time="2024-10-16T14:12:52+08:00" level=info msg="start app on addr:4000" func="main.main()" file="main.go:70"
time="2024-10-16T14:14:33+08:00" level=info msg="read application configuration" func="dem3_demo_v2/pkg/config.GetConfig.func1()" file="config.go:33"
time="2024-10-16T14:14:33+08:00" level=info msg="start app on addr:4000" func="main.main()" file="main.go:70"
time="2024-10-16T14:16:35+08:00" level=info msg="read application configuration" func="dem3_demo_v2/pkg/config.GetConfig.func1()" file="config.go:33"
time="2024-10-16T14:16:35+08:00" level=info msg="start app on addr:4000" func="main.main()" file="main.go:70"
time="2024-10-16T14:17:49+08:00" level=info msg="read application configuration" func="dem3_demo_v2/pkg/config.GetConfig.func1()" file="config.go:33"
time="2024-10-16T14:17:49+08:00" level=info msg="start app on addr:4000" func="main.main()" file="main.go:70"
time="2024-10-16T14:17:52+08:00" level=error msg="pq: ошибка синтаксиса в конце" func="main.(*application).ExportFromProfstroi()" file="handlers.go:168"
time="2024-10-16T14:28:21+08:00" level=info msg="read application configuration" func="dem3_demo_v2/pkg/config.GetConfig.func1()" file="config.go:33"
time="2024-10-16T14:28:22+08:00" level=info msg="start app on addr:4000" func="main.main()" file="main.go:70"
time="2024-10-16T14:28:25+08:00" level=error msg="pq: ошибка синтаксиса в конце" func="main.(*application).ExportFromProfstroi()" file="handlers.go:168"
time="2024-10-16T14:29:55+08:00" level=info msg="read application configuration" func="dem3_demo_v2/pkg/config.GetConfig.func1()" file="config.go:33"
time="2024-10-16T14:29:55+08:00" level=info msg="start app on addr:4000" func="main.main()" file="main.go:70"
time="2024-10-16T14:29:57+08:00" level=error msg="pq: ошибка синтаксиса в конце" func="main.(*application).ExportFromProfstroi()" file="handlers.go:167"
time="2024-10-16T14:30:05+08:00" level=error msg="pq: ошибка синтаксиса в конце" func="main.(*application).ExportFromProfstroi()" file="handlers.go:167"
time="2024-10-16T14:30:31+08:00" level=info msg="read application configuration" func="dem3_demo_v2/pkg/config.GetConfig.func1()" file="config.go:33"
time="2024-10-16T14:30:31+08:00" level=info msg="start app on addr:4000" func="main.main()" file="main.go:70"
time="2024-10-16T14:30:33+08:00" level=error msg="pq: ошибка синтаксиса в конце" func="main.(*application).ExportFromProfstroi()" file="handlers.go:167"
time="2024-10-16T14:33:14+08:00" level=info msg="read application configuration" func="dem3_demo_v2/pkg/config.GetConfig.func1()" file="config.go:33"
time="2024-10-16T14:33:14+08:00" level=info msg="start app on addr:4000" func="main.main()" file="main.go:70"
time="2024-10-16T14:33:18+08:00" level=error msg="pq: ошибка синтаксиса в конце" func="main.(*application).ExportFromProfstroi()" file="handlers.go:167"
time="2024-10-16T14:38:22+08:00" level=info msg="read application configuration" func="dem3_demo_v2/pkg/config.GetConfig.func1()" file="config.go:33"
time="2024-10-16T14:38:22+08:00" level=info msg="start app on addr:4000" func="main.main()" file="main.go:71"
time="2024-10-16T14:55:47+08:00" level=info msg="read application configuration" func="dem3_demo_v2/pkg/config.GetConfig.func1()" file="config.go:33"
time="2024-10-16T14:55:47+08:00" level=info msg="start app on addr:4000" func="main.main()" file="main.go:71"
time="2024-10-16T15:34:06+08:00" level=info msg="read application configuration" func="dem3_demo_v2/pkg/config.GetConfig.func1()" file="config.go:33"
time="2024-10-16T15:34:06+08:00" level=info msg="start app on addr:4000" func="main.main()" file="main.go:71"
time="2024-10-16T15:35:10+08:00" level=info msg="read application configuration" func="dem3_demo_v2/pkg/config.GetConfig.func1()" file="config.go:33"
time="2024-10-16T15:35:10+08:00" level=info msg="start app on addr:4000" func="main.main()" file="main.go:71"
time="2024-10-16T15:35:37+08:00" level=info msg="read application configuration" func="dem3_demo_v2/pkg/config.GetConfig.func1()" file="config.go:33"
time="2024-10-16T15:35:37+08:00" level=info msg="start app on addr:4000" func="main.main()" file="main.go:71"
time="2024-10-16T15:36:39+08:00" level=info msg="read application configuration" func="dem3_demo_v2/pkg/config.GetConfig.func1()" file="config.go:33"
time="2024-10-16T15:36:39+08:00" level=info msg="start app on addr:4000" func="main.main()" file="main.go:71"
time="2024-10-16T15:39:02+08:00" level=info msg="read application configuration" func="dem3_demo_v2/pkg/config.GetConfig.func1()" file="config.go:33"
time="2024-10-16T15:39:02+08:00" level=info msg="start app on addr:4000" func="main.main()" file="main.go:71"
time="2024-10-16T15:39:41+08:00" level=info msg="read application configuration" func="dem3_demo_v2/pkg/config.GetConfig.func1()" file="config.go:33"
time="2024-10-16T15:39:41+08:00" level=info msg="start app on addr:4000" func="main.main()" file="main.go:71"
time="2024-10-16T15:40:05+08:00" level=info msg="read application configuration" func="dem3_demo_v2/pkg/config.GetConfig.func1()" file="config.go:33"
time="2024-10-16T15:40:05+08:00" level=info msg="start app on addr:4000" func="main.main()" file="main.go:71"
time="2024-10-16T15:40:38+08:00" level=info msg="read application configuration" func="dem3_demo_v2/pkg/config.GetConfig.func1()" file="config.go:33"
time="2024-10-16T15:40:38+08:00" level=info msg="start app on addr:4000" func="main.main()" file="main.go:71"
time="2024-10-16T15:41:43+08:00" level=info msg="read application configuration" func="dem3_demo_v2/pkg/config.GetConfig.func1()" file="config.go:33"
time="2024-10-16T15:41:44+08:00" level=info msg="start app on addr:4000" func="main.main()" file="main.go:71"
time="2024-10-16T15:42:06+08:00" level=info msg="read application configuration" func="dem3_demo_v2/pkg/config.GetConfig.func1()" file="config.go:33"
time="2024-10-16T15:42:06+08:00" level=info msg="start app on addr:4000" func="main.main()" file="main.go:71"
time="2024-10-16T15:42:24+08:00" level=info msg="read application configuration" func="dem3_demo_v2/pkg/config.GetConfig.func1()" file="config.go:33"
time="2024-10-16T15:42:25+08:00" level=info msg="start app on addr:4000" func="main.main()" file="main.go:71"
time="2024-10-16T15:45:45+08:00" level=info msg="read application configuration" func="dem3_demo_v2/pkg/config.GetConfig.func1()" file="config.go:33"
time="2024-10-16T15:45:45+08:00" level=info msg="start app on addr:4000" func="main.main()" file="main.go:71"
time="2024-10-16T15:45:53+08:00" level=error msg="pq: ошибка синтаксиса (примерное положение: \"$\")" func="main.(*application).ExportFromProfstroi()" file="handlers.go:167"
time="2024-10-16T15:47:02+08:00" level=error msg="pq: ошибка синтаксиса (примерное положение: \"$\")" func="main.(*application).ExportFromProfstroi()" file="handlers.go:167"
time="2024-10-16T15:48:41+08:00" level=info msg="read application configuration" func="dem3_demo_v2/pkg/config.GetConfig.func1()" file="config.go:33"
time="2024-10-16T15:48:41+08:00" level=info msg="start app on addr:4000" func="main.main()" file="main.go:71"
time="2024-10-16T15:48:43+08:00" level=error msg="pq: got 17 parameters but the statement requires 16" func="main.(*application).ExportFromProfstroi()" file="handlers.go:167"
time="2024-10-16T15:49:46+08:00" level=info msg="read application configuration" func="dem3_demo_v2/pkg/config.GetConfig.func1()" file="config.go:33"
time="2024-10-16T15:49:46+08:00" level=info msg="start app on addr:4000" func="main.main()" file="main.go:71"
time="2024-10-16T15:49:48+08:00" level=error msg="pq: ошибка синтаксиса (примерное положение: \"$\")" func="main.(*application).ExportFromProfstroi()" file="handlers.go:167"
time="2024-10-16T15:57:14+08:00" level=error msg="pq: ошибка синтаксиса (примерное положение: \"$\")" func="main.(*application).ExportFromProfstroi()" file="handlers.go:167"
time="2024-10-16T15:57:31+08:00" level=info msg="read application configuration" func="dem3_demo_v2/pkg/config.GetConfig.func1()" file="config.go:33"
time="2024-10-16T15:57:31+08:00" level=info msg="start app on addr:4000" func="main.main()" file="main.go:71"
time="2024-10-16T16:01:50+08:00" level=info msg="read application configuration" func="dem3_demo_v2/pkg/config.GetConfig.func1()" file="config.go:33"
time="2024-10-16T16:01:50+08:00" level=info msg="start app on addr:4000" func="main.main()" file="main.go:71"
time="2024-10-16T16:03:21+08:00" level=info msg="read application configuration" func="dem3_demo_v2/pkg/config.GetConfig.func1()" file="config.go:33"
time="2024-10-16T16:03:21+08:00" level=info msg="start app on addr:4000" func="main.main()" file="main.go:71"
time="2024-10-16T16:04:12+08:00" level=info msg="read application configuration" func="dem3_demo_v2/pkg/config.GetConfig.func1()" file="config.go:33"
time="2024-10-16T16:04:12+08:00" level=info msg="start app on addr:4000" func="main.main()" file="main.go:71"
time="2024-10-16T16:40:49+08:00" level=info msg="read application configuration" func="dem3_demo_v2/pkg/config.GetConfig.func1()" file="config.go:33"
time="2024-10-16T16:40:50+08:00" level=info msg="start app on addr:4000" func="main.main()" file="main.go:71"
time="2024-10-16T16:42:26+08:00" level=info msg="read application configuration" func="dem3_demo_v2/pkg/config.GetConfig.func1()" file="config.go:33"
time="2024-10-16T16:42:26+08:00" level=info msg="start app on addr:4000" func="main.main()" file="main.go:71"
time="2024-10-17T09:03:01+08:00" level=info msg="read application configuration" func="dem3_demo_v2/pkg/config.GetConfig.func1()" file="config.go:33"
time="2024-10-17T09:03:01+08:00" level=info msg="start app on addr:4000" func="main.main()" file="main.go:71"
time="2024-10-17T09:04:34+08:00" level=info msg="read application configuration" func="dem3_demo_v2/pkg/config.GetConfig.func1()" file="config.go:33"
time="2024-10-17T09:04:35+08:00" level=info msg="start app on addr:4000" func="main.main()" file="main.go:71"
time="2024-10-17T09:06:01+08:00" level=info msg="read application configuration" func="dem3_demo_v2/pkg/config.GetConfig.func1()" file="config.go:33"
time="2024-10-17T09:06:01+08:00" level=info msg="start app on addr:4000" func="main.main()" file="main.go:71"
time="2024-10-17T09:13:37+08:00" level=info msg="read application configuration" func="dem3_demo_v2/pkg/config.GetConfig.func1()" file="config.go:33"
time="2024-10-17T09:13:37+08:00" level=fatal msg="dial tcp: lookup tcp/%!s(int=5432): unknown port" func="main.main()" file="main.go:39"
time="2024-10-17T09:13:52+08:00" level=info msg="read application configuration" func="dem3_demo_v2/pkg/config.GetConfig.func1()" file="config.go:33"
time="2024-10-17T09:14:56+08:00" level=info msg="read application configuration" func="dem3_demo_v2/pkg/config.GetConfig.func1()" file="config.go:33"
time="2024-10-17T09:15:57+08:00" level=info msg="read application configuration" func="dem3_demo_v2/pkg/config.GetConfig.func1()" file="config.go:33"
time="2024-10-17T09:15:57+08:00" level=fatal msg="Error 1045 (28000): Access denied for user 'root'@'localhost' (using password: YES)" func="main.main()" file="main.go:39"
time="2024-10-17T09:16:07+08:00" level=info msg="read application configuration" func="dem3_demo_v2/pkg/config.GetConfig.func1()" file="config.go:33"
time="2024-10-17T09:16:07+08:00" level=fatal msg="Error 1045 (28000): Access denied for user 'root'@'localhost' (using password: YES)" func="main.main()" file="main.go:39"
time="2024-10-17T09:17:06+08:00" level=info msg="read application configuration" func="dem3_demo_v2/pkg/config.GetConfig.func1()" file="config.go:33"
time="2024-10-17T09:17:06+08:00" level=info msg="start app on addr:4000" func="main.main()" file="main.go:70"
time="2024-10-17T09:18:23+08:00" level=info msg="read application configuration" func="dem3_demo_v2/pkg/config.GetConfig.func1()" file="config.go:33"
time="2024-10-17T09:18:23+08:00" level=info msg="start app on addr:4000" func="main.main()" file="main.go:70"
time="2024-10-17T09:18:47+08:00" level=info msg="read application configuration" func="dem3_demo_v2/pkg/config.GetConfig.func1()" file="config.go:33"
time="2024-10-17T09:18:47+08:00" level=info msg="start app on addr:4000" func="main.main()" file="main.go:70"
time="2024-10-17T09:33:44+08:00" level=info msg="read application configuration" func="dem3_demo_v2/pkg/config.GetConfig.func1()" file="config.go:33"
time="2024-10-17T09:33:44+08:00" level=info msg="start app on addr:4000" func="main.main()" file="main.go:70"
time="2024-10-17T09:36:40+08:00" level=info msg="read application configuration" func="dem3_demo_v2/pkg/config.GetConfig.func1()" file="config.go:33"
time="2024-10-17T09:36:40+08:00" level=fatal msg="pq: \xef\xee\xeb\xfc\xe7\xee\xe2\xe0\xf2\xe5\xeb\xfc \"postgres\" \xed\xe5 \xef\xf0\xee\xf8\xb8\xeb \xef\xf0\xee\xe2\xe5\xf0\xea\xf3 \xef\xee\xe4\xeb\xe8\xed\xed\xee\xf1\xf2\xe8 (\xef\xee \xef\xe0\xf0\xee\xeb\xfe)" func="main.main()" file="main.go:47"
time="2024-10-17T09:38:14+08:00" level=info msg="read application configuration" func="dem3_demo_v2/pkg/config.GetConfig.func1()" file="config.go:33"
time="2024-10-17T09:38:15+08:00" level=info msg="start app on addr:4000" func="main.main()" file="main.go:71"
time="2024-10-17T09:38:59+08:00" level=info msg="read application configuration" func="dem3_demo_v2/pkg/config.GetConfig.func1()" file="config.go:33"
time="2024-10-17T09:38:59+08:00" level=info msg="start app on addr:4000" func="main.main()" file="main.go:71"
time="2024-10-17T09:39:10+08:00" level=info msg="read application configuration" func="dem3_demo_v2/pkg/config.GetConfig.func1()" file="config.go:33"
time="2024-10-17T09:39:11+08:00" level=info msg="start app on addr:4000" func="main.main()" file="main.go:71"
time="2024-10-17T09:53:43+08:00" level=info msg="read application configuration" func="dem3_demo_v2/pkg/config.GetConfig.func1()" file="config.go:33"
time="2024-10-17T09:53:43+08:00" level=info msg="start app on addr:4000" func="main.main()" file="main.go:71"
time="2024-10-17T10:04:55+08:00" level=info msg="read application configuration" func="dem3_demo_v2/pkg/config.GetConfig.func1()" file="config.go:33"
time="2024-10-17T10:04:55+08:00" level=info msg="start app on addr:4000" func="main.main()" file="main.go:71"
time="2024-10-17T10:42:10+08:00" level=info msg="read application configuration" func="dem3_demo_v2/pkg/config.GetConfig.func1()" file="config.go:33"
time="2024-10-17T10:42:10+08:00" level=info msg="start app on addr:4000" func="main.main()" file="main.go:71"
time="2024-10-17T10:42:29+08:00" level=info msg="read application configuration" func="dem3_demo_v2/pkg/config.GetConfig.func1()" file="config.go:33"
time="2024-10-17T10:42:29+08:00" level=info msg="start app on addr:4000" func="main.main()" file="main.go:71"
time="2024-10-17T11:00:39+08:00" level=info msg="read application configuration" func="dem3_demo_v2/pkg/config.GetConfig.func1()" file="config.go:33"
time="2024-10-17T11:00:39+08:00" level=info msg="start app on addr:4000" func="main.main()" file="main.go:71"
time="2024-10-17T11:01:49+08:00" level=info msg="read application configuration" func="dem3_demo_v2/pkg/config.GetConfig.func1()" file="config.go:33"
time="2024-10-17T11:01:49+08:00" level=info msg="start app on addr:4000" func="main.main()" file="main.go:71"
time="2024-10-17T11:08:38+08:00" level=info msg="read application configuration" func="dem3_demo_v2/pkg/config.GetConfig.func1()" file="config.go:33"
time="2024-10-17T11:08:39+08:00" level=info msg="start app on addr:4000" func="main.main()" file="main.go:71"
time="2024-10-17T11:13:25+08:00" level=info msg="read application configuration" func="dem3_demo_v2/pkg/config.GetConfig.func1()" file="config.go:33"
time="2024-10-17T11:13:25+08:00" level=info msg="start app on addr:4000" func="main.main()" file="main.go:71"
time="2024-10-17T11:13:36+08:00" level=info msg="read application configuration" func="dem3_demo_v2/pkg/config.GetConfig.func1()" file="config.go:33"
time="2024-10-17T11:13:36+08:00" level=info msg="start app on addr:4000" func="main.main()" file="main.go:71"
time="2024-10-17T11:15:42+08:00" level=info msg="read application configuration" func="dem3_demo_v2/pkg/config.GetConfig.func1()" file="config.go:33"
time="2024-10-17T11:15:42+08:00" level=info msg="start app on addr:4000" func="main.main()" file="main.go:71"
time="2024-10-17T11:18:39+08:00" level=info msg="read application configuration" func="dem3_demo_v2/pkg/config.GetConfig.func1()" file="config.go:33"
time="2024-10-17T11:18:39+08:00" level=info msg="start app on addr:4000" func="main.main()" file="main.go:71"
time="2024-10-17T11:19:26+08:00" level=info msg="read application configuration" func="dem3_demo_v2/pkg/config.GetConfig.func1()" file="config.go:33"
time="2024-10-17T11:19:26+08:00" level=info msg="start app on addr:4000" func="main.main()" file="main.go:71"
time="2024-10-17T11:19:39+08:00" level=info msg="read application configuration" func="dem3_demo_v2/pkg/config.GetConfig.func1()" file="config.go:33"
time="2024-10-17T11:19:40+08:00" level=info msg="start app on addr:4000" func="main.main()" file="main.go:71"
time="2024-10-17T11:20:24+08:00" level=info msg="read application configuration" func="dem3_demo_v2/pkg/config.GetConfig.func1()" file="config.go:33"
time="2024-10-17T11:20:24+08:00" level=info msg="start app on addr:4000" func="main.main()" file="main.go:71"
time="2024-10-17T15:45:51+08:00" level=info msg="read application configuration" func="dem3_demo_v2/pkg/config.GetConfig.func1()" file="config.go:33"
time="2024-10-17T15:45:51+08:00" level=info msg="start app on addr:4000" func="main.main()" file="main.go:71"
time="2024-10-17T15:46:46+08:00" level=info msg="read application configuration" func="dem3_demo_v2/pkg/config.GetConfig.func1()" file="config.go:33"
time="2024-10-17T15:46:46+08:00" level=info msg="start app on addr:4000" func="main.main()" file="main.go:71"
time="2024-10-17T15:48:17+08:00" level=info msg="read application configuration" func="dem3_demo_v2/pkg/config.GetConfig.func1()" file="config.go:33"
time="2024-10-17T15:48:17+08:00" level=info msg="start app on addr:4000" func="main.main()" file="main.go:71"
time="2024-10-17T15:52:58+08:00" level=info msg="read application configuration" func="dem3_demo_v2/pkg/config.GetConfig.func1()" file="config.go:33"
time="2024-10-17T15:52:58+08:00" level=info msg="start app on addr:4000" func="main.main()" file="main.go:71"
time="2024-10-17T15:53:29+08:00" level=info msg="read application configuration" func="dem3_demo_v2/pkg/config.GetConfig.func1()" file="config.go:33"
time="2024-10-17T15:53:29+08:00" level=info msg="start app on addr:4000" func="main.main()" file="main.go:71"
time="2024-10-17T15:58:51+08:00" level=info msg="read application configuration" func="dem3_demo_v2/pkg/config.GetConfig.func1()" file="config.go:33"
time="2024-10-17T15:58:51+08:00" level=info msg="start app on addr:4000" func="main.main()" file="main.go:71"
time="2024-10-17T15:59:05+08:00" level=info msg="read application configuration" func="dem3_demo_v2/pkg/config.GetConfig.func1()" file="config.go:33"
time="2024-10-17T15:59:05+08:00" level=info msg="start app on addr:4000" func="main.main()" file="main.go:71"
time="2024-10-17T16:00:17+08:00" level=info msg="read application configuration" func="dem3_demo_v2/pkg/config.GetConfig.func1()" file="config.go:33"
time="2024-10-17T16:00:17+08:00" level=info msg="start app on addr:4000" func="main.main()" file="main.go:71"
time="2024-10-17T16:00:20+08:00" level=error msg="pq: got 16 parameters but the statement requires 17" func="main.(*application).ExportFromProfstroi()" file="handlers.go:170"
time="2024-10-17T16:00:20+08:00" level=error msg="pq: got 16 parameters but the statement requires 17" func="main.(*application).ExportFromProfstroi()" file="handlers.go:180"
time="2024-10-17T16:00:20+08:00" level=error msg="pq: got 16 parameters but the statement requires 17" func="main.(*application).ExportFromProfstroi()" file="handlers.go:180"
time="2024-10-17T16:00:20+08:00" level=error msg="pq: got 16 parameters but the statement requires 17" func="main.(*application).ExportFromProfstroi()" file="handlers.go:180"
time="2024-10-17T16:00:20+08:00" level=error msg="pq: got 16 parameters but the statement requires 17" func="main.(*application).ExportFromProfstroi()" file="handlers.go:180"
time="2024-10-17T16:00:20+08:00" level=error msg="pq: got 16 parameters but the statement requires 17" func="main.(*application).ExportFromProfstroi()" file="handlers.go:180"
time="2024-10-17T16:00:20+08:00" level=error msg="pq: got 16 parameters but the statement requires 17" func="main.(*application).ExportFromProfstroi()" file="handlers.go:180"
time="2024-10-17T16:00:20+08:00" level=error msg="pq: got 16 parameters but the statement requires 17" func="main.(*application).ExportFromProfstroi()" file="handlers.go:180"
time="2024-10-17T16:00:20+08:00" level=error msg="pq: got 16 parameters but the statement requires 17" func="main.(*application).ExportFromProfstroi()" file="handlers.go:180"
time="2024-10-17T16:00:20+08:00" level=error msg="pq: got 16 parameters but the statement requires 17" func="main.(*application).ExportFromProfstroi()" file="handlers.go:180"
time="2024-10-17T16:00:20+08:00" level=error msg="pq: got 16 parameters but the statement requires 17" func="main.(*application).ExportFromProfstroi()" file="handlers.go:180"
time="2024-10-17T16:00:20+08:00" level=error msg="pq: got 16 parameters but the statement requires 17" func="main.(*application).ExportFromProfstroi()" file="handlers.go:180"
time="2024-10-17T16:00:20+08:00" level=error msg="pq: got 16 parameters but the statement requires 17" func="main.(*application).ExportFromProfstroi()" file="handlers.go:180"
time="2024-10-17T16:00:20+08:00" level=error msg="pq: got 16 parameters but the statement requires 17" func="main.(*application).ExportFromProfstroi()" file="handlers.go:180"
time="2024-10-17T16:00:20+08:00" level=error msg="pq: got 16 parameters but the statement requires 17" func="main.(*application).ExportFromProfstroi()" file="handlers.go:180"
time="2024-10-17T16:00:20+08:00" level=error msg="pq: got 16 parameters but the statement requires 17" func="main.(*application).ExportFromProfstroi()" file="handlers.go:180"
time="2024-10-17T16:00:20+08:00" level=error msg="pq: got 16 parameters but the statement requires 17" func="main.(*application).ExportFromProfstroi()" file="handlers.go:180"
time="2024-10-17T16:00:20+08:00" level=error msg="pq: got 16 parameters but the statement requires 17" func="main.(*application).ExportFromProfstroi()" file="handlers.go:180"
time="2024-10-17T16:00:20+08:00" level=error msg="pq: got 16 parameters but the statement requires 17" func="main.(*application).ExportFromProfstroi()" file="handlers.go:180"
time="2024-10-17T16:00:20+08:00" level=error msg="pq: got 16 parameters but the statement requires 17" func="main.(*application).ExportFromProfstroi()" file="handlers.go:180"
time="2024-10-17T16:00:20+08:00" level=error msg="pq: got 16 parameters but the statement requires 17" func="main.(*application).ExportFromProfstroi()" file="handlers.go:180"
time="2024-10-17T16:00:20+08:00" level=error msg="pq: got 16 parameters but the statement requires 17" func="main.(*application).ExportFromProfstroi()" file="handlers.go:180"
time="2024-10-17T16:00:20+08:00" level=error msg="pq: got 16 parameters but the statement requires 17" func="main.(*application).ExportFromProfstroi()" file="handlers.go:180"
time="2024-10-17T16:00:20+08:00" level=error msg="pq: got 16 parameters but the statement requires 17" func="main.(*application).ExportFromProfstroi()" file="handlers.go:180"
time="2024-10-17T16:00:20+08:00" level=error msg="pq: got 16 parameters but the statement requires 17" func="main.(*application).ExportFromProfstroi()" file="handlers.go:180"
time="2024-10-17T16:00:20+08:00" level=error msg="pq: got 16 parameters but the statement requires 17" func="main.(*application).ExportFromProfstroi()" file="handlers.go:180"
time="2024-10-17T16:00:20+08:00" level=error msg="pq: got 16 parameters but the statement requires 17" func="main.(*application).ExportFromProfstroi()" file="handlers.go:180"
time="2024-10-17T16:00:20+08:00" level=error msg="pq: got 16 parameters but the statement requires 17" func="main.(*application).ExportFromProfstroi()" file="handlers.go:180"
time="2024-10-17T16:00:20+08:00" level=error msg="pq: got 16 parameters but the statement requires 17" func="main.(*application).ExportFromProfstroi()" file="handlers.go:180"
time="2024-10-17T16:00:20+08:00" level=error msg="pq: got 16 parameters but the statement requires 17" func="main.(*application).ExportFromProfstroi()" file="handlers.go:180"
time="2024-10-17T16:00:20+08:00" level=error msg="pq: got 16 parameters but the statement requires 17" func="main.(*application).ExportFromProfstroi()" file="handlers.go:180"
time="2024-10-17T16:00:20+08:00" level=error msg="pq: got 16 parameters but the statement requires 17" func="main.(*application).ExportFromProfstroi()" file="handlers.go:180"
time="2024-10-17T16:00:20+08:00" level=error msg="pq: got 16 parameters but the statement requires 17" func="main.(*application).ExportFromProfstroi()" file="handlers.go:180"
time="2024-10-17T16:00:20+08:00" level=error msg="pq: got 16 parameters but the statement requires 17" func="main.(*application).ExportFromProfstroi()" file="handlers.go:180"
time="2024-10-17T16:00:20+08:00" level=error msg="pq: got 16 parameters but the statement requires 17" func="main.(*application).ExportFromProfstroi()" file="handlers.go:180"
time="2024-10-17T16:00:20+08:00" level=error msg="pq: got 16 parameters but the statement requires 17" func="main.(*application).ExportFromProfstroi()" file="handlers.go:180"
time="2024-10-17T16:00:20+08:00" level=error msg="pq: got 16 parameters but the statement requires 17" func="main.(*application).ExportFromProfstroi()" file="handlers.go:180"
time="2024-10-17T16:00:20+08:00" level=error msg="pq: got 16 parameters but the statement requires 17" func="main.(*application).ExportFromProfstroi()" file="handlers.go:180"
time="2024-10-17T16:00:20+08:00" level=error msg="pq: got 16 parameters but the statement requires 17" func="main.(*application).ExportFromProfstroi()" file="handlers.go:180"
time="2024-10-17T16:00:20+08:00" level=error msg="pq: got 16 parameters but the statement requires 17" func="main.(*application).ExportFromProfstroi()" file="handlers.go:180"
time="2024-10-17T16:00:20+08:00" level=error msg="pq: got 16 parameters but the statement requires 17" func="main.(*application).ExportFromProfstroi()" file="handlers.go:180"
time="2024-10-17T16:00:20+08:00" level=error msg="pq: got 16 parameters but the statement requires 17" func="main.(*application).ExportFromProfstroi()" file="handlers.go:180"
time="2024-10-17T16:00:20+08:00" level=error msg="pq: got 16 parameters but the statement requires 17" func="main.(*application).ExportFromProfstroi()" file="handlers.go:180"
time="2024-10-17T16:00:20+08:00" level=error msg="pq: got 16 parameters but the statement requires 17" func="main.(*application).ExportFromProfstroi()" file="handlers.go:180"
time="2024-10-17T16:00:20+08:00" level=error msg="pq: got 16 parameters but the statement requires 17" func="main.(*application).ExportFromProfstroi()" file="handlers.go:180"
time="2024-10-17T16:00:20+08:00" level=error msg="pq: got 16 parameters but the statement requires 17" func="main.(*application).ExportFromProfstroi()" file="handlers.go:180"
time="2024-10-17T16:00:20+08:00" level=error msg="pq: got 16 parameters but the statement requires 17" func="main.(*application).ExportFromProfstroi()" file="handlers.go:180"
time="2024-10-17T16:00:20+08:00" level=error msg="pq: got 16 parameters but the statement requires 17" func="main.(*application).ExportFromProfstroi()" file="handlers.go:180"
time="2024-10-17T16:00:20+08:00" level=error msg="pq: got 16 parameters but the statement requires 17" func="main.(*application).ExportFromProfstroi()" file="handlers.go:180"
time="2024-10-17T16:00:20+08:00" level=error msg="pq: got 16 parameters but the statement requires 17" func="main.(*application).ExportFromProfstroi()" file="handlers.go:180"
time="2024-10-17T16:00:20+08:00" level=error msg="pq: got 16 parameters but the statement requires 17" func="main.(*application).ExportFromProfstroi()" file="handlers.go:180"
time="2024-10-17T16:00:20+08:00" level=error msg="pq: got 16 parameters but the statement requires 17" func="main.(*application).ExportFromProfstroi()" file="handlers.go:180"
time="2024-10-17T16:00:20+08:00" level=error msg="pq: got 16 parameters but the statement requires 17" func="main.(*application).ExportFromProfstroi()" file="handlers.go:180"
time="2024-10-17T16:00:20+08:00" level=error msg="pq: got 16 parameters but the statement requires 17" func="main.(*application).ExportFromProfstroi()" file="handlers.go:180"
time="2024-10-17T16:00:20+08:00" level=error msg="pq: got 16 parameters but the statement requires 17" func="main.(*application).ExportFromProfstroi()" file="handlers.go:180"
time="2024-10-17T16:00:20+08:00" level=error msg="pq: got 16 parameters but the statement requires 17" func="main.(*application).ExportFromProfstroi()" file="handlers.go:180"
time="2024-10-17T16:00:20+08:00" level=error msg="pq: got 16 parameters but the statement requires 17" func="main.(*application).ExportFromProfstroi()" file="handlers.go:180"
time="2024-10-17T16:00:20+08:00" level=error msg="pq: got 16 parameters but the statement requires 17" func="main.(*application).ExportFromProfstroi()" file="handlers.go:180"
time="2024-10-17T16:00:20+08:00" level=error msg="pq: got 16 parameters but the statement requires 17" func="main.(*application).ExportFromProfstroi()" file="handlers.go:180"
time="2024-10-17T16:00:20+08:00" level=error msg="pq: got 16 parameters but the statement requires 17" func="main.(*application).ExportFromProfstroi()" file="handlers.go:180"
time="2024-10-17T16:00:20+08:00" level=error msg="pq: got 16 parameters but the statement requires 17" func="main.(*application).ExportFromProfstroi()" file="handlers.go:180"
time="2024-10-17T16:00:20+08:00" level=error msg="pq: got 16 parameters but the statement requires 17" func="main.(*application).ExportFromProfstroi()" file="handlers.go:180"
time="2024-10-17T16:00:20+08:00" level=error msg="pq: got 16 parameters but the statement requires 17" func="main.(*application).ExportFromProfstroi()" file="handlers.go:180"
time="2024-10-17T16:00:20+08:00" level=error msg="pq: got 16 parameters but the statement requires 17" func="main.(*application).ExportFromProfstroi()" file="handlers.go:180"
time="2024-10-17T16:00:20+08:00" level=error msg="pq: got 16 parameters but the statement requires 17" func="main.(*application).ExportFromProfstroi()" file="handlers.go:180"
time="2024-10-17T16:00:20+08:00" level=error msg="pq: got 16 parameters but the statement requires 17" func="main.(*application).ExportFromProfstroi()" file="handlers.go:180"
time="2024-10-17T16:00:20+08:00" level=error msg="pq: got 16 parameters but the statement requires 17" func="main.(*application).ExportFromProfstroi()" file="handlers.go:180"
time="2024-10-17T16:00:20+08:00" level=error msg="pq: got 16 parameters but the statement requires 17" func="main.(*application).ExportFromProfstroi()" file="handlers.go:180"
time="2024-10-17T16:00:20+08:00" level=error msg="pq: got 16 parameters but the statement requires 17" func="main.(*application).ExportFromProfstroi()" file="handlers.go:180"
time="2024-10-17T16:00:20+08:00" level=error msg="pq: got 16 parameters but the statement requires 17" func="main.(*application).ExportFromProfstroi()" file="handlers.go:180"
time="2024-10-17T16:00:20+08:00" level=error msg="pq: got 16 parameters but the statement requires 17" func="main.(*application).ExportFromProfstroi()" file="handlers.go:180"
time="2024-10-17T16:00:20+08:00" level=error msg="pq: got 16 parameters but the statement requires 17" func="main.(*application).ExportFromProfstroi()" file="handlers.go:180"
time="2024-10-17T16:00:20+08:00" level=error msg="pq: got 16 parameters but the statement requires 17" func="main.(*application).ExportFromProfstroi()" file="handlers.go:180"
time="2024-10-17T16:00:20+08:00" level=error msg="pq: got 16 parameters but the statement requires 17" func="main.(*application).ExportFromProfstroi()" file="handlers.go:180"
time="2024-10-17T16:00:20+08:00" level=error msg="pq: got 16 parameters but the statement requires 17" func="main.(*application).ExportFromProfstroi()" file="handlers.go:180"
time="2024-10-17T16:00:20+08:00" level=error msg="pq: got 16 parameters but the statement requires 17" func="main.(*application).ExportFromProfstroi()" file="handlers.go:180"
time="2024-10-17T16:00:20+08:00" level=error msg="pq: got 16 parameters but the statement requires 17" func="main.(*application).ExportFromProfstroi()" file="handlers.go:180"
time="2024-10-17T16:00:20+08:00" level=error msg="pq: got 16 parameters but the statement requires 17" func="main.(*application).ExportFromProfstroi()" file="handlers.go:180"
time="2024-10-17T16:00:20+08:00" level=error msg="pq: got 16 parameters but the statement requires 17" func="main.(*application).ExportFromProfstroi()" file="handlers.go:180"
time="2024-10-17T16:00:20+08:00" level=error msg="pq: got 16 parameters but the statement requires 17" func="main.(*application).ExportFromProfstroi()" file="handlers.go:180"
time="2024-10-17T16:00:20+08:00" level=error msg="pq: got 16 parameters but the statement requires 17" func="main.(*application).ExportFromProfstroi()" file="handlers.go:180"
time="2024-10-17T16:00:20+08:00" level=error msg="pq: got 16 parameters but the statement requires 17" func="main.(*application).ExportFromProfstroi()" file="handlers.go:180"
time="2024-10-17T16:00:20+08:00" level=error msg="pq: got 16 parameters but the statement requires 17" func="main.(*application).ExportFromProfstroi()" file="handlers.go:180"
time="2024-10-17T16:00:20+08:00" level=error msg="pq: got 16 parameters but the statement requires 17" func="main.(*application).ExportFromProfstroi()" file="handlers.go:180"
time="2024-10-17T16:00:20+08:00" level=error msg="pq: got 16 parameters but the statement requires 17" func="main.(*application).ExportFromProfstroi()" file="handlers.go:180"
time="2024-10-17T16:00:20+08:00" level=error msg="pq: got 16 parameters but the statement requires 17" func="main.(*application).ExportFromProfstroi()" file="handlers.go:180"
time="2024-10-17T16:00:20+08:00" level=error msg="pq: got 16 parameters but the statement requires 17" func="main.(*application).ExportFromProfstroi()" file="handlers.go:180"
time="2024-10-17T16:00:20+08:00" level=error msg="pq: got 16 parameters but the statement requires 17" func="main.(*application).ExportFromProfstroi()" file="handlers.go:180"
time="2024-10-17T16:00:20+08:00" level=error msg="pq: got 16 parameters but the statement requires 17" func="main.(*application).ExportFromProfstroi()" file="handlers.go:180"
time="2024-10-17T16:00:20+08:00" level=error msg="pq: got 16 parameters but the statement requires 17" func="main.(*application).ExportFromProfstroi()" file="handlers.go:180"
time="2024-10-17T16:00:20+08:00" level=error msg="pq: got 16 parameters but the statement requires 17" func="main.(*application).ExportFromProfstroi()" file="handlers.go:180"
time="2024-10-17T16:00:20+08:00" level=error msg="pq: got 16 parameters but the statement requires 17" func="main.(*application).ExportFromProfstroi()" file="handlers.go:180"
time="2024-10-17T16:00:20+08:00" level=error msg="pq: got 16 parameters but the statement requires 17" func="main.(*application).ExportFromProfstroi()" file="handlers.go:180"
time="2024-10-17T16:00:20+08:00" level=error msg="pq: got 16 parameters but the statement requires 17" func="main.(*application).ExportFromProfstroi()" file="handlers.go:180"
time="2024-10-17T16:00:20+08:00" level=error msg="pq: got 16 parameters but the statement requires 17" func="main.(*application).ExportFromProfstroi()" file="handlers.go:180"
time="2024-10-17T16:00:20+08:00" level=error msg="pq: got 16 parameters but the statement requires 17" func="main.(*application).ExportFromProfstroi()" file="handlers.go:180"
time="2024-10-17T16:00:20+08:00" level=error msg="pq: got 16 parameters but the statement requires 17" func="main.(*application).ExportFromProfstroi()" file="handlers.go:180"
time="2024-10-17T16:00:20+08:00" level=error msg="pq: got 16 parameters but the statement requires 17" func="main.(*application).ExportFromProfstroi()" file="handlers.go:180"
time="2024-10-17T16:00:20+08:00" level=error msg="pq: got 16 parameters but the statement requires 17" func="main.(*application).ExportFromProfstroi()" file="handlers.go:180"
time="2024-10-17T16:00:20+08:00" level=error msg="pq: got 16 parameters but the statement requires 17" func="main.(*application).ExportFromProfstroi()" file="handlers.go:180"
time="2024-10-17T16:00:20+08:00" level=error msg="pq: got 16 parameters but the statement requires 17" func="main.(*application).ExportFromProfstroi()" file="handlers.go:180"
time="2024-10-17T16:00:20+08:00" level=error msg="pq: got 16 parameters but the statement requires 17" func="main.(*application).ExportFromProfstroi()" file="handlers.go:180"
time="2024-10-17T16:00:20+08:00" level=error msg="pq: got 16 parameters but the statement requires 17" func="main.(*application).ExportFromProfstroi()" file="handlers.go:180"
time="2024-10-17T16:00:20+08:00" level=error msg="pq: got 16 parameters but the statement requires 17" func="main.(*application).ExportFromProfstroi()" file="handlers.go:180"
time="2024-10-17T16:00:20+08:00" level=error msg="pq: got 16 parameters but the statement requires 17" func="main.(*application).ExportFromProfstroi()" file="handlers.go:180"
time="2024-10-17T16:00:20+08:00" level=error msg="pq: got 16 parameters but the statement requires 17" func="main.(*application).ExportFromProfstroi()" file="handlers.go:180"
time="2024-10-17T16:00:20+08:00" level=error msg="pq: got 16 parameters but the statement requires 17" func="main.(*application).ExportFromProfstroi()" file="handlers.go:180"
time="2024-10-17T16:00:20+08:00" level=error msg="pq: got 16 parameters but the statement requires 17" func="main.(*application).ExportFromProfstroi()" file="handlers.go:180"
time="2024-10-17T16:00:20+08:00" level=error msg="pq: got 16 parameters but the statement requires 17" func="main.(*application).ExportFromProfstroi()" file="handlers.go:180"
time="2024-10-17T16:00:20+08:00" level=error msg="pq: got 16 parameters but the statement requires 17" func="main.(*application).ExportFromProfstroi()" file="handlers.go:180"
time="2024-10-17T16:00:20+08:00" level=error msg="pq: got 16 parameters but the statement requires 17" func="main.(*application).ExportFromProfstroi()" file="handlers.go:180"
time="2024-10-17T16:00:20+08:00" level=error msg="pq: got 16 parameters but the statement requires 17" func="main.(*application).ExportFromProfstroi()" file="handlers.go:180"
time="2024-10-17T16:00:20+08:00" level=error msg="pq: got 16 parameters but the statement requires 17" func="main.(*application).ExportFromProfstroi()" file="handlers.go:180"
time="2024-10-17T16:00:20+08:00" level=error msg="pq: got 16 parameters but the statement requires 17" func="main.(*application).ExportFromProfstroi()" file="handlers.go:180"
time="2024-10-17T16:00:20+08:00" level=error msg="pq: got 16 parameters but the statement requires 17" func="main.(*application).ExportFromProfstroi()" file="handlers.go:180"
time="2024-10-17T16:00:20+08:00" level=error msg="pq: got 16 parameters but the statement requires 17" func="main.(*application).ExportFromProfstroi()" file="handlers.go:180"
time="2024-10-17T16:00:20+08:00" level=error msg="pq: got 16 parameters but the statement requires 17" func="main.(*application).ExportFromProfstroi()" file="handlers.go:180"
time="2024-10-17T16:00:20+08:00" level=error msg="pq: got 16 parameters but the statement requires 17" func="main.(*application).ExportFromProfstroi()" file="handlers.go:180"
time="2024-10-17T16:00:20+08:00" level=error msg="pq: got 16 parameters but the statement requires 17" func="main.(*application).ExportFromProfstroi()" file="handlers.go:180"
time="2024-10-17T16:00:20+08:00" level=error msg="pq: got 16 parameters but the statement requires 17" func="main.(*application).ExportFromProfstroi()" file="handlers.go:180"
time="2024-10-17T16:00:20+08:00" level=error msg="pq: got 16 parameters but the statement requires 17" func="main.(*application).ExportFromProfstroi()" file="handlers.go:180"
time="2024-10-17T16:00:20+08:00" level=error msg="pq: got 16 parameters but the statement requires 17" func="main.(*application).ExportFromProfstroi()" file="handlers.go:180"
time="2024-10-17T16:00:20+08:00" level=error msg="pq: got 16 parameters but the statement requires 17" func="main.(*application).ExportFromProfstroi()" file="handlers.go:180"
time="2024-10-17T16:00:20+08:00" level=error msg="pq: got 16 parameters but the statement requires 17" func="main.(*application).ExportFromProfstroi()" file="handlers.go:180"
time="2024-10-17T16:00:20+08:00" level=error msg="pq: got 16 parameters but the statement requires 17" func="main.(*application).ExportFromProfstroi()" file="handlers.go:180"
time="2024-10-17T16:00:20+08:00" level=error msg="pq: got 16 parameters but the statement requires 17" func="main.(*application).ExportFromProfstroi()" file="handlers.go:180"
time="2024-10-17T16:00:20+08:00" level=error msg="pq: got 16 parameters but the statement requires 17" func="main.(*application).ExportFromProfstroi()" file="handlers.go:180"
time="2024-10-17T16:00:20+08:00" level=error msg="pq: got 16 parameters but the statement requires 17" func="main.(*application).ExportFromProfstroi()" file="handlers.go:180"
time="2024-10-17T16:00:20+08:00" level=error msg="pq: got 16 parameters but the statement requires 17" func="main.(*application).ExportFromProfstroi()" file="handlers.go:180"
time="2024-10-17T16:00:20+08:00" level=error msg="pq: got 16 parameters but the statement requires 17" func="main.(*application).ExportFromProfstroi()" file="handlers.go:180"
time="2024-10-17T16:00:20+08:00" level=error msg="pq: got 16 parameters but the statement requires 17" func="main.(*application).ExportFromProfstroi()" file="handlers.go:180"
time="2024-10-17T16:00:20+08:00" level=error msg="pq: got 16 parameters but the statement requires 17" func="main.(*application).ExportFromProfstroi()" file="handlers.go:180"
time="2024-10-17T16:00:20+08:00" level=error msg="pq: got 16 parameters but the statement requires 17" func="main.(*application).ExportFromProfstroi()" file="handlers.go:180"
time="2024-10-17T16:00:20+08:00" level=error msg="pq: got 16 parameters but the statement requires 17" func="main.(*application).ExportFromProfstroi()" file="handlers.go:180"
time="2024-10-17T16:00:20+08:00" level=error msg="pq: got 16 parameters but the statement requires 17" func="main.(*application).ExportFromProfstroi()" file="handlers.go:180"
time="2024-10-17T16:00:20+08:00" level=error msg="pq: got 16 parameters but the statement requires 17" func="main.(*application).ExportFromProfstroi()" file="handlers.go:180"
time="2024-10-17T16:00:20+08:00" level=error msg="pq: got 16 parameters but the statement requires 17" func="main.(*application).ExportFromProfstroi()" file="handlers.go:180"
time="2024-10-17T16:00:20+08:00" level=error msg="pq: got 16 parameters but the statement requires 17" func="main.(*application).ExportFromProfstroi()" file="handlers.go:180"
time="2024-10-17T16:00:20+08:00" level=error msg="pq: got 16 parameters but the statement requires 17" func="main.(*application).ExportFromProfstroi()" file="handlers.go:180"
time="2024-10-17T16:00:20+08:00" level=error msg="pq: got 16 parameters but the statement requires 17" func="main.(*application).ExportFromProfstroi()" file="handlers.go:180"
time="2024-10-17T16:00:20+08:00" level=error msg="pq: got 16 parameters but the statement requires 17" func="main.(*application).ExportFromProfstroi()" file="handlers.go:180"
time="2024-10-17T16:00:20+08:00" level=error msg="pq: got 16 parameters but the statement requires 17" func="main.(*application).ExportFromProfstroi()" file="handlers.go:180"
time="2024-10-17T16:00:20+08:00" level=error msg="pq: got 16 parameters but the statement requires 17" func="main.(*application).ExportFromProfstroi()" file="handlers.go:180"
time="2024-10-17T16:00:20+08:00" level=error msg="pq: got 16 parameters but the statement requires 17" func="main.(*application).ExportFromProfstroi()" file="handlers.go:180"
time="2024-10-17T16:00:20+08:00" level=error msg="pq: got 16 parameters but the statement requires 17" func="main.(*application).ExportFromProfstroi()" file="handlers.go:180"
time="2024-10-17T16:00:20+08:00" level=error msg="pq: got 16 parameters but the statement requires 17" func="main.(*application).ExportFromProfstroi()" file="handlers.go:180"
time="2024-10-17T16:00:20+08:00" level=error msg="pq: got 16 parameters but the statement requires 17" func="main.(*application).ExportFromProfstroi()" file="handlers.go:180"
time="2024-10-17T16:00:20+08:00" level=error msg="pq: got 16 parameters but the statement requires 17" func="main.(*application).ExportFromProfstroi()" file="handlers.go:180"
time="2024-10-17T16:00:20+08:00" level=error msg="pq: got 16 parameters but the statement requires 17" func="main.(*application).ExportFromProfstroi()" file="handlers.go:180"
time="2024-10-17T16:00:20+08:00" level=error msg="pq: got 16 parameters but the statement requires 17" func="main.(*application).ExportFromProfstroi()" file="handlers.go:180"
time="2024-10-17T16:00:20+08:00" level=error msg="pq: got 16 parameters but the statement requires 17" func="main.(*application).ExportFromProfstroi()" file="handlers.go:180"
time="2024-10-17T16:00:20+08:00" level=error msg="pq: got 16 parameters but the statement requires 17" func="main.(*application).ExportFromProfstroi()" file="handlers.go:180"
time="2024-10-17T16:00:20+08:00" level=error msg="pq: got 16 parameters but the statement requires 17" func="main.(*application).ExportFromProfstroi()" file="handlers.go:180"
time="2024-10-17T16:00:20+08:00" level=error msg="pq: got 16 parameters but the statement requires 17" func="main.(*application).ExportFromProfstroi()" file="handlers.go:180"
time="2024-10-17T16:00:20+08:00" level=error msg="pq: got 16 parameters but the statement requires 17" func="main.(*application).ExportFromProfstroi()" file="handlers.go:180"
time="2024-10-17T16:00:20+08:00" level=error msg="pq: got 16 parameters but the statement requires 17" func="main.(*application).ExportFromProfstroi()" file="handlers.go:180"
time="2024-10-17T16:00:20+08:00" level=error msg="pq: got 16 parameters but the statement requires 17" func="main.(*application).ExportFromProfstroi()" file="handlers.go:180"
time="2024-10-17T16:00:20+08:00" level=error msg="pq: got 16 parameters but the statement requires 17" func="main.(*application).ExportFromProfstroi()" file="handlers.go:180"
time="2024-10-17T16:00:20+08:00" level=error msg="pq: got 16 parameters but the statement requires 17" func="main.(*application).ExportFromProfstroi()" file="handlers.go:180"
time="2024-10-17T16:00:20+08:00" level=error msg="pq: got 16 parameters but the statement requires 17" func="main.(*application).ExportFromProfstroi()" file="handlers.go:180"
time="2024-10-17T16:00:20+08:00" level=error msg="pq: got 16 parameters but the statement requires 17" func="main.(*application).ExportFromProfstroi()" file="handlers.go:180"
time="2024-10-17T16:00:20+08:00" level=error msg="pq: got 16 parameters but the statement requires 17" func="main.(*application).ExportFromProfstroi()" file="handlers.go:180"
time="2024-10-17T16:00:20+08:00" level=error msg="pq: got 16 parameters but the statement requires 17" func="main.(*application).ExportFromProfstroi()" file="handlers.go:180"
time="2024-10-17T16:00:20+08:00" level=error msg="pq: got 16 parameters but the statement requires 17" func="main.(*application).ExportFromProfstroi()" file="handlers.go:180"
time="2024-10-17T16:00:20+08:00" level=error msg="pq: got 16 parameters but the statement requires 17" func="main.(*application).ExportFromProfstroi()" file="handlers.go:180"
time="2024-10-17T16:00:20+08:00" level=error msg="pq: got 16 parameters but the statement requires 17" func="main.(*application).ExportFromProfstroi()" file="handlers.go:180"
time="2024-10-17T16:00:20+08:00" level=error msg="pq: got 16 parameters but the statement requires 17" func="main.(*application).ExportFromProfstroi()" file="handlers.go:180"
time="2024-10-17T16:00:20+08:00" level=error msg="pq: got 16 parameters but the statement requires 17" func="main.(*application).ExportFromProfstroi()" file="handlers.go:180"
time="2024-10-17T16:00:20+08:00" level=error msg="pq: got 16 parameters but the statement requires 17" func="main.(*application).ExportFromProfstroi()" file="handlers.go:180"
time="2024-10-17T16:00:20+08:00" level=error msg="pq: got 16 parameters but the statement requires 17" func="main.(*application).ExportFromProfstroi()" file="handlers.go:180"
time="2024-10-17T16:00:20+08:00" level=error msg="pq: got 16 parameters but the statement requires 17" func="main.(*application).ExportFromProfstroi()" file="handlers.go:180"
time="2024-10-17T16:00:20+08:00" level=error msg="pq: got 16 parameters but the statement requires 17" func="main.(*application).ExportFromProfstroi()" file="handlers.go:180"
time="2024-10-17T16:00:20+08:00" level=error msg="pq: got 16 parameters but the statement requires 17" func="main.(*application).ExportFromProfstroi()" file="handlers.go:180"
time="2024-10-17T16:00:20+08:00" level=error msg="pq: got 16 parameters but the statement requires 17" func="main.(*application).ExportFromProfstroi()" file="handlers.go:180"
time="2024-10-17T16:00:20+08:00" level=error msg="pq: got 16 parameters but the statement requires 17" func="main.(*application).ExportFromProfstroi()" file="handlers.go:180"
time="2024-10-17T16:00:20+08:00" level=error msg="pq: got 16 parameters but the statement requires 17" func="main.(*application).ExportFromProfstroi()" file="handlers.go:180"
time="2024-10-17T16:00:20+08:00" level=error msg="pq: got 16 parameters but the statement requires 17" func="main.(*application).ExportFromProfstroi()" file="handlers.go:180"
time="2024-10-17T16:00:20+08:00" level=error msg="pq: got 16 parameters but the statement requires 17" func="main.(*application).ExportFromProfstroi()" file="handlers.go:180"
time="2024-10-17T16:00:20+08:00" level=error msg="pq: got 16 parameters but the statement requires 17" func="main.(*application).ExportFromProfstroi()" file="handlers.go:180"
time="2024-10-17T16:00:20+08:00" level=error msg="pq: got 16 parameters but the statement requires 17" func="main.(*application).ExportFromProfstroi()" file="handlers.go:180"
time="2024-10-17T16:00:20+08:00" level=error msg="pq: got 16 parameters but the statement requires 17" func="main.(*application).ExportFromProfstroi()" file="handlers.go:180"
time="2024-10-17T16:00:20+08:00" level=error msg="pq: got 16 parameters but the statement requires 17" func="main.(*application).ExportFromProfstroi()" file="handlers.go:180"
time="2024-10-17T16:00:20+08:00" level=error msg="pq: got 16 parameters but the statement requires 17" func="main.(*application).ExportFromProfstroi()" file="handlers.go:180"
time="2024-10-17T16:00:20+08:00" level=error msg="pq: got 16 parameters but the statement requires 17" func="main.(*application).ExportFromProfstroi()" file="handlers.go:180"
time="2024-10-17T16:00:20+08:00" level=error msg="pq: got 16 parameters but the statement requires 17" func="main.(*application).ExportFromProfstroi()" file="handlers.go:180"
time="2024-10-17T16:00:20+08:00" level=error msg="pq: got 16 parameters but the statement requires 17" func="main.(*application).ExportFromProfstroi()" file="handlers.go:180"
time="2024-10-17T16:00:20+08:00" level=error msg="pq: got 16 parameters but the statement requires 17" func="main.(*application).ExportFromProfstroi()" file="handlers.go:180"
time="2024-10-17T16:00:20+08:00" level=error msg="pq: got 16 parameters but the statement requires 17" func="main.(*application).ExportFromProfstroi()" file="handlers.go:180"
time="2024-10-17T16:00:20+08:00" level=error msg="pq: got 16 parameters but the statement requires 17" func="main.(*application).ExportFromProfstroi()" file="handlers.go:180"
time="2024-10-17T16:00:20+08:00" level=error msg="pq: got 16 parameters but the statement requires 17" func="main.(*application).ExportFromProfstroi()" file="handlers.go:180"
time="2024-10-17T16:00:20+08:00" level=error msg="pq: got 16 parameters but the statement requires 17" func="main.(*application).ExportFromProfstroi()" file="handlers.go:180"
time="2024-10-17T16:00:20+08:00" level=error msg="pq: got 16 parameters but the statement requires 17" func="main.(*application).ExportFromProfstroi()" file="handlers.go:180"
time="2024-10-17T16:00:20+08:00" level=error msg="pq: got 16 parameters but the statement requires 17" func="main.(*application).ExportFromProfstroi()" file="handlers.go:180"
time="2024-10-17T16:00:20+08:00" level=error msg="pq: got 16 parameters but the statement requires 17" func="main.(*application).ExportFromProfstroi()" file="handlers.go:180"
time="2024-10-17T16:00:20+08:00" level=error msg="pq: got 16 parameters but the statement requires 17" func="main.(*application).ExportFromProfstroi()" file="handlers.go:180"
time="2024-10-17T16:00:20+08:00" level=error msg="pq: got 16 parameters but the statement requires 17" func="main.(*application).ExportFromProfstroi()" file="handlers.go:180"
time="2024-10-17T16:00:20+08:00" level=error msg="pq: got 16 parameters but the statement requires 17" func="main.(*application).ExportFromProfstroi()" file="handlers.go:180"
time="2024-10-17T16:00:20+08:00" level=error msg="pq: got 16 parameters but the statement requires 17" func="main.(*application).ExportFromProfstroi()" file="handlers.go:180"
time="2024-10-17T16:00:20+08:00" level=error msg="pq: got 16 parameters but the statement requires 17" func="main.(*application).ExportFromProfstroi()" file="handlers.go:180"
time="2024-10-17T16:00:20+08:00" level=error msg="pq: got 16 parameters but the statement requires 17" func="main.(*application).ExportFromProfstroi()" file="handlers.go:180"
time="2024-10-17T16:00:20+08:00" level=error msg="pq: got 16 parameters but the statement requires 17" func="main.(*application).ExportFromProfstroi()" file="handlers.go:180"
time="2024-10-17T16:00:20+08:00" level=error msg="pq: got 16 parameters but the statement requires 17" func="main.(*application).ExportFromProfstroi()" file="handlers.go:180"
time="2024-10-17T16:00:20+08:00" level=error msg="pq: got 16 parameters but the statement requires 17" func="main.(*application).ExportFromProfstroi()" file="handlers.go:180"
time="2024-10-17T16:00:20+08:00" level=error msg="pq: got 16 parameters but the statement requires 17" func="main.(*application).ExportFromProfstroi()" file="handlers.go:180"
time="2024-10-17T16:00:20+08:00" level=error msg="pq: got 16 parameters but the statement requires 17" func="main.(*application).ExportFromProfstroi()" file="handlers.go:180"
time="2024-10-17T16:00:20+08:00" level=error msg="pq: got 16 parameters but the statement requires 17" func="main.(*application).ExportFromProfstroi()" file="handlers.go:180"
time="2024-10-17T16:00:20+08:00" level=error msg="pq: got 16 parameters but the statement requires 17" func="main.(*application).ExportFromProfstroi()" file="handlers.go:180"
time="2024-10-17T16:00:20+08:00" level=error msg="pq: got 16 parameters but the statement requires 17" func="main.(*application).ExportFromProfstroi()" file="handlers.go:180"
time="2024-10-17T16:00:20+08:00" level=error msg="pq: got 16 parameters but the statement requires 17" func="main.(*application).ExportFromProfstroi()" file="handlers.go:180"
time="2024-10-17T16:00:20+08:00" level=error msg="pq: got 16 parameters but the statement requires 17" func="main.(*application).ExportFromProfstroi()" file="handlers.go:180"
time="2024-10-17T16:00:20+08:00" level=error msg="pq: got 16 parameters but the statement requires 17" func="main.(*application).ExportFromProfstroi()" file="handlers.go:180"
time="2024-10-17T16:00:20+08:00" level=error msg="pq: got 16 parameters but the statement requires 17" func="main.(*application).ExportFromProfstroi()" file="handlers.go:180"
time="2024-10-17T16:00:20+08:00" level=error msg="pq: got 16 parameters but the statement requires 17" func="main.(*application).ExportFromProfstroi()" file="handlers.go:180"
time="2024-10-17T16:00:20+08:00" level=error msg="pq: got 16 parameters but the statement requires 17" func="main.(*application).ExportFromProfstroi()" file="handlers.go:180"
time="2024-10-17T16:00:20+08:00" level=error msg="pq: got 16 parameters but the statement requires 17" func="main.(*application).ExportFromProfstroi()" file="handlers.go:180"
time="2024-10-17T16:00:20+08:00" level=error msg="pq: got 16 parameters but the statement requires 17" func="main.(*application).ExportFromProfstroi()" file="handlers.go:180"
time="2024-10-17T16:00:20+08:00" level=error msg="pq: got 16 parameters but the statement requires 17" func="main.(*application).ExportFromProfstroi()" file="handlers.go:180"
time="2024-10-17T16:00:20+08:00" level=error msg="pq: got 16 parameters but the statement requires 17" func="main.(*application).ExportFromProfstroi()" file="handlers.go:180"
time="2024-10-17T16:00:20+08:00" level=error msg="pq: got 16 parameters but the statement requires 17" func="main.(*application).ExportFromProfstroi()" file="handlers.go:180"
time="2024-10-17T16:00:20+08:00" level=error msg="pq: got 16 parameters but the statement requires 17" func="main.(*application).ExportFromProfstroi()" file="handlers.go:180"
time="2024-10-17T16:00:20+08:00" level=error msg="pq: got 16 parameters but the statement requires 17" func="main.(*application).ExportFromProfstroi()" file="handlers.go:180"
time="2024-10-17T16:00:20+08:00" level=error msg="pq: got 16 parameters but the statement requires 17" func="main.(*application).ExportFromProfstroi()" file="handlers.go:180"
time="2024-10-17T16:00:20+08:00" level=error msg="pq: got 16 parameters but the statement requires 17" func="main.(*application).ExportFromProfstroi()" file="handlers.go:180"
time="2024-10-17T16:00:20+08:00" level=error msg="pq: got 16 parameters but the statement requires 17" func="main.(*application).ExportFromProfstroi()" file="handlers.go:180"
time="2024-10-17T16:00:20+08:00" level=error msg="pq: got 16 parameters but the statement requires 17" func="main.(*application).ExportFromProfstroi()" file="handlers.go:180"
time="2024-10-17T16:00:20+08:00" level=error msg="pq: got 16 parameters but the statement requires 17" func="main.(*application).ExportFromProfstroi()" file="handlers.go:180"
time="2024-10-17T16:00:20+08:00" level=error msg="pq: got 16 parameters but the statement requires 17" func="main.(*application).ExportFromProfstroi()" file="handlers.go:180"
time="2024-10-17T16:00:20+08:00" level=error msg="pq: got 16 parameters but the statement requires 17" func="main.(*application).ExportFromProfstroi()" file="handlers.go:180"
time="2024-10-17T16:00:20+08:00" level=error msg="pq: got 16 parameters but the statement requires 17" func="main.(*application).ExportFromProfstroi()" file="handlers.go:180"
time="2024-10-17T16:00:20+08:00" level=error msg="pq: got 16 parameters but the statement requires 17" func="main.(*application).ExportFromProfstroi()" file="handlers.go:180"
time="2024-10-17T16:00:20+08:00" level=error msg="pq: got 16 parameters but the statement requires 17" func="main.(*application).ExportFromProfstroi()" file="handlers.go:180"
time="2024-10-17T16:00:20+08:00" level=error msg="pq: got 16 parameters but the statement requires 17" func="main.(*application).ExportFromProfstroi()" file="handlers.go:180"
time="2024-10-17T16:00:20+08:00" level=error msg="pq: got 16 parameters but the statement requires 17" func="main.(*application).ExportFromProfstroi()" file="handlers.go:180"
time="2024-10-17T16:00:20+08:00" level=error msg="pq: got 16 parameters but the statement requires 17" func="main.(*application).ExportFromProfstroi()" file="handlers.go:180"
time="2024-10-17T16:00:20+08:00" level=error msg="pq: got 16 parameters but the statement requires 17" func="main.(*application).ExportFromProfstroi()" file="handlers.go:180"
time="2024-10-17T16:00:20+08:00" level=error msg="pq: got 16 parameters but the statement requires 17" func="main.(*application).ExportFromProfstroi()" file="handlers.go:180"
time="2024-10-17T16:00:20+08:00" level=error msg="pq: got 16 parameters but the statement requires 17" func="main.(*application).ExportFromProfstroi()" file="handlers.go:180"
time="2024-10-17T16:00:20+08:00" level=error msg="pq: got 16 parameters but the statement requires 17" func="main.(*application).ExportFromProfstroi()" file="handlers.go:180"
time="2024-10-17T16:00:20+08:00" level=error msg="pq: got 16 parameters but the statement requires 17" func="main.(*application).ExportFromProfstroi()" file="handlers.go:180"
time="2024-10-17T16:00:20+08:00" level=error msg="pq: got 16 parameters but the statement requires 17" func="main.(*application).ExportFromProfstroi()" file="handlers.go:180"
time="2024-10-17T16:00:20+08:00" level=error msg="pq: got 16 parameters but the statement requires 17" func="main.(*application).ExportFromProfstroi()" file="handlers.go:180"
time="2024-10-17T16:00:20+08:00" level=error msg="pq: got 16 parameters but the statement requires 17" func="main.(*application).ExportFromProfstroi()" file="handlers.go:180"
time="2024-10-17T16:00:20+08:00" level=error msg="pq: got 16 parameters but the statement requires 17" func="main.(*application).ExportFromProfstroi()" file="handlers.go:180"
time="2024-10-17T16:00:20+08:00" level=error msg="pq: got 16 parameters but the statement requires 17" func="main.(*application).ExportFromProfstroi()" file="handlers.go:180"
time="2024-10-17T16:00:20+08:00" level=error msg="pq: got 16 parameters but the statement requires 17" func="main.(*application).ExportFromProfstroi()" file="handlers.go:180"
time="2024-10-17T16:00:20+08:00" level=error msg="pq: got 16 parameters but the statement requires 17" func="main.(*application).ExportFromProfstroi()" file="handlers.go:180"
time="2024-10-17T16:00:20+08:00" level=error msg="pq: got 16 parameters but the statement requires 17" func="main.(*application).ExportFromProfstroi()" file="handlers.go:180"
time="2024-10-17T16:00:20+08:00" level=error msg="pq: got 16 parameters but the statement requires 17" func="main.(*application).ExportFromProfstroi()" file="handlers.go:180"
time="2024-10-17T16:00:20+08:00" level=error msg="pq: got 16 parameters but the statement requires 17" func="main.(*application).ExportFromProfstroi()" file="handlers.go:180"
time="2024-10-17T16:00:20+08:00" level=error msg="pq: got 16 parameters but the statement requires 17" func="main.(*application).ExportFromProfstroi()" file="handlers.go:180"
time="2024-10-17T16:00:20+08:00" level=error msg="pq: got 16 parameters but the statement requires 17" func="main.(*application).ExportFromProfstroi()" file="handlers.go:180"
time="2024-10-17T16:00:20+08:00" level=error msg="pq: got 16 parameters but the statement requires 17" func="main.(*application).ExportFromProfstroi()" file="handlers.go:180"
time="2024-10-17T16:00:20+08:00" level=error msg="pq: got 16 parameters but the statement requires 17" func="main.(*application).ExportFromProfstroi()" file="handlers.go:180"
time="2024-10-17T16:00:20+08:00" level=error msg="pq: got 16 parameters but the statement requires 17" func="main.(*application).ExportFromProfstroi()" file="handlers.go:180"
time="2024-10-17T16:00:20+08:00" level=error msg="pq: got 16 parameters but the statement requires 17" func="main.(*application).ExportFromProfstroi()" file="handlers.go:180"
time="2024-10-17T16:00:20+08:00" level=error msg="pq: got 16 parameters but the statement requires 17" func="main.(*application).ExportFromProfstroi()" file="handlers.go:180"
time="2024-10-17T16:00:20+08:00" level=error msg="pq: got 16 parameters but the statement requires 17" func="main.(*application).ExportFromProfstroi()" file="handlers.go:180"
time="2024-10-17T16:00:20+08:00" level=error msg="pq: got 16 parameters but the statement requires 17" func="main.(*application).ExportFromProfstroi()" file="handlers.go:180"
time="2024-10-17T16:00:20+08:00" level=error msg="pq: got 16 parameters but the statement requires 17" func="main.(*application).ExportFromProfstroi()" file="handlers.go:180"
time="2024-10-17T16:00:20+08:00" level=error msg="pq: got 16 parameters but the statement requires 17" func="main.(*application).ExportFromProfstroi()" file="handlers.go:180"
time="2024-10-17T16:00:20+08:00" level=error msg="pq: got 16 parameters but the statement requires 17" func="main.(*application).ExportFromProfstroi()" file="handlers.go:180"
time="2024-10-17T16:00:20+08:00" level=error msg="pq: got 16 parameters but the statement requires 17" func="main.(*application).ExportFromProfstroi()" file="handlers.go:180"
time="2024-10-17T16:00:20+08:00" level=error msg="pq: got 16 parameters but the statement requires 17" func="main.(*application).ExportFromProfstroi()" file="handlers.go:180"
time="2024-10-17T16:00:20+08:00" level=error msg="pq: got 16 parameters but the statement requires 17" func="main.(*application).ExportFromProfstroi()" file="handlers.go:180"
time="2024-10-17T16:00:20+08:00" level=error msg="pq: got 16 parameters but the statement requires 17" func="main.(*application).ExportFromProfstroi()" file="handlers.go:180"
time="2024-10-17T16:00:20+08:00" level=error msg="pq: got 16 parameters but the statement requires 17" func="main.(*application).ExportFromProfstroi()" file="handlers.go:180"
time="2024-10-17T16:00:20+08:00" level=error msg="pq: got 16 parameters but the statement requires 17" func="main.(*application).ExportFromProfstroi()" file="handlers.go:180"
time="2024-10-17T16:00:20+08:00" level=error msg="pq: got 16 parameters but the statement requires 17" func="main.(*application).ExportFromProfstroi()" file="handlers.go:180"
time="2024-10-17T16:00:20+08:00" level=error msg="pq: got 16 parameters but the statement requires 17" func="main.(*application).ExportFromProfstroi()" file="handlers.go:180"
time="2024-10-17T16:00:20+08:00" level=error msg="pq: got 16 parameters but the statement requires 17" func="main.(*application).ExportFromProfstroi()" file="handlers.go:180"
time="2024-10-17T16:00:20+08:00" level=error msg="pq: got 16 parameters but the statement requires 17" func="main.(*application).ExportFromProfstroi()" file="handlers.go:180"
time="2024-10-17T16:00:20+08:00" level=error msg="pq: got 16 parameters but the statement requires 17" func="main.(*application).ExportFromProfstroi()" file="handlers.go:180"
time="2024-10-17T16:00:20+08:00" level=error msg="pq: got 16 parameters but the statement requires 17" func="main.(*application).ExportFromProfstroi()" file="handlers.go:180"
time="2024-10-17T16:00:20+08:00" level=error msg="pq: got 16 parameters but the statement requires 17" func="main.(*application).ExportFromProfstroi()" file="handlers.go:180"
time="2024-10-17T16:00:20+08:00" level=error msg="pq: got 16 parameters but the statement requires 17" func="main.(*application).ExportFromProfstroi()" file="handlers.go:180"
time="2024-10-17T16:00:20+08:00" level=error msg="pq: got 16 parameters but the statement requires 17" func="main.(*application).ExportFromProfstroi()" file="handlers.go:180"
time="2024-10-17T16:00:20+08:00" level=error msg="pq: got 16 parameters but the statement requires 17" func="main.(*application).ExportFromProfstroi()" file="handlers.go:180"
time="2024-10-17T16:00:20+08:00" level=error msg="pq: got 16 parameters but the statement requires 17" func="main.(*application).ExportFromProfstroi()" file="handlers.go:180"
time="2024-10-17T16:00:20+08:00" level=error msg="pq: got 16 parameters but the statement requires 17" func="main.(*application).ExportFromProfstroi()" file="handlers.go:180"
time="2024-10-17T16:00:20+08:00" level=error msg="pq: got 16 parameters but the statement requires 17" func="main.(*application).ExportFromProfstroi()" file="handlers.go:180"
time="2024-10-17T16:00:20+08:00" level=error msg="pq: got 16 parameters but the statement requires 17" func="main.(*application).ExportFromProfstroi()" file="handlers.go:180"
time="2024-10-17T16:00:20+08:00" level=error msg="pq: got 16 parameters but the statement requires 17" func="main.(*application).ExportFromProfstroi()" file="handlers.go:180"
time="2024-10-17T16:00:20+08:00" level=error msg="pq: got 16 parameters but the statement requires 17" func="main.(*application).ExportFromProfstroi()" file="handlers.go:180"
time="2024-10-17T16:00:20+08:00" level=error msg="pq: got 16 parameters but the statement requires 17" func="main.(*application).ExportFromProfstroi()" file="handlers.go:180"
time="2024-10-17T16:00:20+08:00" level=error msg="pq: got 16 parameters but the statement requires 17" func="main.(*application).ExportFromProfstroi()" file="handlers.go:180"
time="2024-10-17T16:00:20+08:00" level=error msg="pq: got 16 parameters but the statement requires 17" func="main.(*application).ExportFromProfstroi()" file="handlers.go:180"
time="2024-10-17T16:00:20+08:00" level=error msg="pq: got 16 parameters but the statement requires 17" func="main.(*application).ExportFromProfstroi()" file="handlers.go:180"
time="2024-10-17T16:00:20+08:00" level=error msg="pq: got 16 parameters but the statement requires 17" func="main.(*application).ExportFromProfstroi()" file="handlers.go:180"
time="2024-10-17T16:00:20+08:00" level=error msg="pq: got 16 parameters but the statement requires 17" func="main.(*application).ExportFromProfstroi()" file="handlers.go:180"
time="2024-10-17T16:00:20+08:00" level=error msg="pq: got 16 parameters but the statement requires 17" func="main.(*application).ExportFromProfstroi()" file="handlers.go:180"
time="2024-10-17T16:00:20+08:00" level=error msg="pq: got 16 parameters but the statement requires 17" func="main.(*application).ExportFromProfstroi()" file="handlers.go:180"
time="2024-10-17T16:00:20+08:00" level=error msg="pq: got 16 parameters but the statement requires 17" func="main.(*application).ExportFromProfstroi()" file="handlers.go:180"
time="2024-10-17T16:00:20+08:00" level=error msg="pq: got 16 parameters but the statement requires 17" func="main.(*application).ExportFromProfstroi()" file="handlers.go:180"
time="2024-10-17T16:00:20+08:00" level=error msg="pq: got 16 parameters but the statement requires 17" func="main.(*application).ExportFromProfstroi()" file="handlers.go:180"
time="2024-10-17T16:00:20+08:00" level=error msg="pq: got 16 parameters but the statement requires 17" func="main.(*application).ExportFromProfstroi()" file="handlers.go:180"
time="2024-10-17T16:00:20+08:00" level=error msg="pq: got 16 parameters but the statement requires 17" func="main.(*application).ExportFromProfstroi()" file="handlers.go:180"
time="2024-10-17T16:00:20+08:00" level=error msg="pq: got 16 parameters but the statement requires 17" func="main.(*application).ExportFromProfstroi()" file="handlers.go:180"
time="2024-10-17T16:00:20+08:00" level=error msg="pq: got 16 parameters but the statement requires 17" func="main.(*application).ExportFromProfstroi()" file="handlers.go:180"
time="2024-10-17T16:00:20+08:00" level=error msg="pq: got 16 parameters but the statement requires 17" func="main.(*application).ExportFromProfstroi()" file="handlers.go:180"
time="2024-10-17T16:00:20+08:00" level=error msg="pq: got 16 parameters but the statement requires 17" func="main.(*application).ExportFromProfstroi()" file="handlers.go:180"
time="2024-10-17T16:00:20+08:00" level=error msg="pq: got 16 parameters but the statement requires 17" func="main.(*application).ExportFromProfstroi()" file="handlers.go:180"
time="2024-10-17T16:00:20+08:00" level=error msg="pq: got 16 parameters but the statement requires 17" func="main.(*application).ExportFromProfstroi()" file="handlers.go:180"
time="2024-10-17T16:00:20+08:00" level=error msg="pq: got 16 parameters but the statement requires 17" func="main.(*application).ExportFromProfstroi()" file="handlers.go:180"
time="2024-10-17T16:00:20+08:00" level=error msg="pq: got 16 parameters but the statement requires 17" func="main.(*application).ExportFromProfstroi()" file="handlers.go:180"
time="2024-10-17T16:00:20+08:00" level=error msg="pq: got 16 parameters but the statement requires 17" func="main.(*application).ExportFromProfstroi()" file="handlers.go:180"
time="2024-10-17T16:00:20+08:00" level=error msg="pq: got 16 parameters but the statement requires 17" func="main.(*application).ExportFromProfstroi()" file="handlers.go:180"
time="2024-10-17T16:00:20+08:00" level=error msg="pq: got 16 parameters but the statement requires 17" func="main.(*application).ExportFromProfstroi()" file="handlers.go:180"
time="2024-10-17T16:00:20+08:00" level=error msg="pq: got 16 parameters but the statement requires 17" func="main.(*application).ExportFromProfstroi()" file="handlers.go:180"
time="2024-10-17T16:00:20+08:00" level=error msg="pq: got 16 parameters but the statement requires 17" func="main.(*application).ExportFromProfstroi()" file="handlers.go:180"
time="2024-10-17T16:00:20+08:00" level=error msg="pq: got 16 parameters but the statement requires 17" func="main.(*application).ExportFromProfstroi()" file="handlers.go:180"
time="2024-10-17T16:00:20+08:00" level=error msg="pq: got 16 parameters but the statement requires 17" func="main.(*application).ExportFromProfstroi()" file="handlers.go:180"
time="2024-10-17T16:00:20+08:00" level=error msg="pq: got 16 parameters but the statement requires 17" func="main.(*application).ExportFromProfstroi()" file="handlers.go:180"
time="2024-10-17T16:00:20+08:00" level=error msg="pq: got 16 parameters but the statement requires 17" func="main.(*application).ExportFromProfstroi()" file="handlers.go:180"
time="2024-10-17T16:00:20+08:00" level=error msg="pq: got 16 parameters but the statement requires 17" func="main.(*application).ExportFromProfstroi()" file="handlers.go:180"
time="2024-10-17T16:00:20+08:00" level=error msg="pq: got 16 parameters but the statement requires 17" func="main.(*application).ExportFromProfstroi()" file="handlers.go:180"
time="2024-10-17T16:00:20+08:00" level=error msg="pq: got 16 parameters but the statement requires 17" func="main.(*application).ExportFromProfstroi()" file="handlers.go:180"
time="2024-10-17T16:00:20+08:00" level=error msg="pq: got 16 parameters but the statement requires 17" func="main.(*application).ExportFromProfstroi()" file="handlers.go:180"
time="2024-10-17T16:00:20+08:00" level=error msg="pq: got 16 parameters but the statement requires 17" func="main.(*application).ExportFromProfstroi()" file="handlers.go:180"
time="2024-10-17T16:00:20+08:00" level=error msg="pq: got 16 parameters but the statement requires 17" func="main.(*application).ExportFromProfstroi()" file="handlers.go:180"
time="2024-10-17T16:00:20+08:00" level=error msg="pq: got 16 parameters but the statement requires 17" func="main.(*application).ExportFromProfstroi()" file="handlers.go:180"
time="2024-10-17T16:00:20+08:00" level=error msg="pq: got 16 parameters but the statement requires 17" func="main.(*application).ExportFromProfstroi()" file="handlers.go:180"
time="2024-10-17T16:00:20+08:00" level=error msg="pq: got 16 parameters but the statement requires 17" func="main.(*application).ExportFromProfstroi()" file="handlers.go:180"
time="2024-10-17T16:00:20+08:00" level=error msg="pq: got 16 parameters but the statement requires 17" func="main.(*application).ExportFromProfstroi()" file="handlers.go:180"
time="2024-10-17T16:00:20+08:00" level=error msg="pq: got 16 parameters but the statement requires 17" func="main.(*application).ExportFromProfstroi()" file="handlers.go:180"
time="2024-10-17T16:00:20+08:00" level=error msg="pq: got 16 parameters but the statement requires 17" func="main.(*application).ExportFromProfstroi()" file="handlers.go:180"
time="2024-10-17T16:00:20+08:00" level=error msg="pq: got 16 parameters but the statement requires 17" func="main.(*application).ExportFromProfstroi()" file="handlers.go:180"
time="2024-10-17T16:00:20+08:00" level=error msg="pq: got 16 parameters but the statement requires 17" func="main.(*application).ExportFromProfstroi()" file="handlers.go:180"
time="2024-10-17T16:00:20+08:00" level=error msg="pq: got 16 parameters but the statement requires 17" func="main.(*application).ExportFromProfstroi()" file="handlers.go:180"
time="2024-10-17T16:00:20+08:00" level=error msg="pq: got 16 parameters but the statement requires 17" func="main.(*application).ExportFromProfstroi()" file="handlers.go:180"
time="2024-10-17T16:00:20+08:00" level=error msg="pq: got 16 parameters but the statement requires 17" func="main.(*application).ExportFromProfstroi()" file="handlers.go:180"
time="2024-10-17T16:00:20+08:00" level=error msg="pq: got 16 parameters but the statement requires 17" func="main.(*application).ExportFromProfstroi()" file="handlers.go:180"
time="2024-10-17T16:00:20+08:00" level=error msg="pq: got 16 parameters but the statement requires 17" func="main.(*application).ExportFromProfstroi()" file="handlers.go:180"
time="2024-10-17T16:00:20+08:00" level=error msg="pq: got 16 parameters but the statement requires 17" func="main.(*application).ExportFromProfstroi()" file="handlers.go:180"
time="2024-10-17T16:00:20+08:00" level=error msg="pq: got 16 parameters but the statement requires 17" func="main.(*application).ExportFromProfstroi()" file="handlers.go:180"
time="2024-10-17T16:00:20+08:00" level=error msg="pq: got 16 parameters but the statement requires 17" func="main.(*application).ExportFromProfstroi()" file="handlers.go:180"
time="2024-10-17T16:00:20+08:00" level=error msg="pq: got 16 parameters but the statement requires 17" func="main.(*application).ExportFromProfstroi()" file="handlers.go:180"
time="2024-10-17T16:00:20+08:00" level=error msg="pq: got 16 parameters but the statement requires 17" func="main.(*application).ExportFromProfstroi()" file="handlers.go:180"
time="2024-10-17T16:00:20+08:00" level=error msg="pq: got 16 parameters but the statement requires 17" func="main.(*application).ExportFromProfstroi()" file="handlers.go:180"
time="2024-10-17T16:00:20+08:00" level=error msg="pq: got 16 parameters but the statement requires 17" func="main.(*application).ExportFromProfstroi()" file="handlers.go:180"
time="2024-10-17T16:00:20+08:00" level=error msg="pq: got 16 parameters but the statement requires 17" func="main.(*application).ExportFromProfstroi()" file="handlers.go:180"
time="2024-10-17T16:00:20+08:00" level=error msg="pq: got 16 parameters but the statement requires 17" func="main.(*application).ExportFromProfstroi()" file="handlers.go:180"
time="2024-10-17T16:00:20+08:00" level=error msg="pq: got 16 parameters but the statement requires 17" func="main.(*application).ExportFromProfstroi()" file="handlers.go:180"
time="2024-10-17T16:00:20+08:00" level=error msg="pq: got 16 parameters but the statement requires 17" func="main.(*application).ExportFromProfstroi()" file="handlers.go:180"
time="2024-10-17T16:00:20+08:00" level=error msg="pq: got 16 parameters but the statement requires 17" func="main.(*application).ExportFromProfstroi()" file="handlers.go:180"
time="2024-10-17T16:00:20+08:00" level=error msg="pq: got 16 parameters but the statement requires 17" func="main.(*application).ExportFromProfstroi()" file="handlers.go:180"
time="2024-10-17T16:00:20+08:00" level=error msg="pq: got 16 parameters but the statement requires 17" func="main.(*application).ExportFromProfstroi()" file="handlers.go:180"
time="2024-10-17T16:00:20+08:00" level=error msg="pq: got 16 parameters but the statement requires 17" func="main.(*application).ExportFromProfstroi()" file="handlers.go:180"
time="2024-10-17T16:00:20+08:00" level=error msg="pq: got 16 parameters but the statement requires 17" func="main.(*application).ExportFromProfstroi()" file="handlers.go:180"
time="2024-10-17T16:00:20+08:00" level=error msg="pq: got 16 parameters but the statement requires 17" func="main.(*application).ExportFromProfstroi()" file="handlers.go:180"
time="2024-10-17T16:00:20+08:00" level=error msg="pq: got 16 parameters but the statement requires 17" func="main.(*application).ExportFromProfstroi()" file="handlers.go:180"
time="2024-10-17T16:00:20+08:00" level=error msg="pq: got 16 parameters but the statement requires 17" func="main.(*application).ExportFromProfstroi()" file="handlers.go:180"
time="2024-10-17T16:00:20+08:00" level=error msg="pq: got 16 parameters but the statement requires 17" func="main.(*application).ExportFromProfstroi()" file="handlers.go:180"
time="2024-10-17T16:00:20+08:00" level=error msg="pq: got 16 parameters but the statement requires 17" func="main.(*application).ExportFromProfstroi()" file="handlers.go:180"
time="2024-10-17T16:00:20+08:00" level=error msg="pq: got 16 parameters but the statement requires 17" func="main.(*application).ExportFromProfstroi()" file="handlers.go:180"
time="2024-10-17T16:00:20+08:00" level=error msg="pq: got 16 parameters but the statement requires 17" func="main.(*application).ExportFromProfstroi()" file="handlers.go:180"
time="2024-10-17T16:00:20+08:00" level=error msg="pq: got 16 parameters but the statement requires 17" func="main.(*application).ExportFromProfstroi()" file="handlers.go:180"
time="2024-10-17T16:00:20+08:00" level=error msg="pq: got 16 parameters but the statement requires 17" func="main.(*application).ExportFromProfstroi()" file="handlers.go:180"
time="2024-10-17T16:00:20+08:00" level=error msg="pq: got 16 parameters but the statement requires 17" func="main.(*application).ExportFromProfstroi()" file="handlers.go:180"
time="2024-10-17T16:00:20+08:00" level=error msg="pq: got 16 parameters but the statement requires 17" func="main.(*application).ExportFromProfstroi()" file="handlers.go:180"
time="2024-10-17T16:00:20+08:00" level=error msg="pq: got 16 parameters but the statement requires 17" func="main.(*application).ExportFromProfstroi()" file="handlers.go:180"
time="2024-10-17T16:00:20+08:00" level=error msg="pq: got 16 parameters but the statement requires 17" func="main.(*application).ExportFromProfstroi()" file="handlers.go:180"
time="2024-10-17T16:00:20+08:00" level=error msg="pq: got 16 parameters but the statement requires 17" func="main.(*application).ExportFromProfstroi()" file="handlers.go:180"
time="2024-10-17T16:00:20+08:00" level=error msg="pq: got 16 parameters but the statement requires 17" func="main.(*application).ExportFromProfstroi()" file="handlers.go:180"
time="2024-10-17T16:02:35+08:00" level=info msg="read application configuration" func="dem3_demo_v2/pkg/config.GetConfig.func1()" file="config.go:33"
time="2024-10-17T16:02:35+08:00" level=info msg="start app on addr:4000" func="main.main()" file="main.go:71"
time="2024-10-17T16:20:45+08:00" level=info msg="read application configuration" func="dem3_demo_v2/pkg/config.GetConfig.func1()" file="config.go:33"
time="2024-10-17T16:20:45+08:00" level=info msg="start app on addr:4000" func="main.main()" file="main.go:71"
time="2024-10-17T16:21:01+08:00" level=info msg="read application configuration" func="dem3_demo_v2/pkg/config.GetConfig.func1()" file="config.go:33"
time="2024-10-17T16:21:01+08:00" level=info msg="start app on addr:4000" func="main.main()" file="main.go:71"
time="2024-10-17T16:21:42+08:00" level=info msg="read application configuration" func="dem3_demo_v2/pkg/config.GetConfig.func1()" file="config.go:33"
time="2024-10-17T16:21:42+08:00" level=info msg="start app on addr:4000" func="main.main()" file="main.go:71"
time="2024-10-17T16:22:18+08:00" level=info msg="read application configuration" func="dem3_demo_v2/pkg/config.GetConfig.func1()" file="config.go:33"
time="2024-10-17T16:22:18+08:00" level=info msg="start app on addr:4000" func="main.main()" file="main.go:71"
time="2024-10-17T16:24:20+08:00" level=info msg="read application configuration" func="dem3_demo_v2/pkg/config.GetConfig.func1()" file="config.go:33"
time="2024-10-17T16:24:20+08:00" level=info msg="start app on addr:4000" func="main.main()" file="main.go:71"
time="2024-10-17T16:27:00+08:00" level=info msg="read application configuration" func="dem3_demo_v2/pkg/config.GetConfig.func1()" file="config.go:33"
time="2024-10-17T16:27:01+08:00" level=info msg="start app on addr:4000" func="main.main()" file="main.go:71"
time="2024-10-17T16:30:06+08:00" level=info msg="read application configuration" func="dem3_demo_v2/pkg/config.GetConfig.func1()" file="config.go:33"
time="2024-10-17T16:30:06+08:00" level=info msg="start app on addr:4000" func="main.main()" file="main.go:71"
time="2024-10-17T16:40:00+08:00" level=info msg="read application configuration" func="dem3_demo_v2/pkg/config.GetConfig.func1()" file="config.go:33"
time="2024-10-17T16:40:00+08:00" level=info msg="start app on addr:4000" func="main.main()" file="main.go:71"
time="2024-10-17T16:40:19+08:00" level=info msg="read application configuration" func="dem3_demo_v2/pkg/config.GetConfig.func1()" file="config.go:33"
time="2024-10-17T16:40:19+08:00" level=info msg="start app on addr:4000" func="main.main()" file="main.go:71"
time="2024-10-17T16:49:09+08:00" level=info msg="read application configuration" func="dem3_demo_v2/pkg/config.GetConfig.func1()" file="config.go:33"
time="2024-10-17T16:49:09+08:00" level=info msg="start app on addr:4000" func="main.main()" file="main.go:71"
time="2024-10-17T16:49:45+08:00" level=info msg="read application configuration" func="dem3_demo_v2/pkg/config.GetConfig.func1()" file="config.go:33"
time="2024-10-17T16:49:45+08:00" level=info msg="start app on addr:4000" func="main.main()" file="main.go:71"
time="2024-10-17T16:50:13+08:00" level=info msg="read application configuration" func="dem3_demo_v2/pkg/config.GetConfig.func1()" file="config.go:33"
time="2024-10-17T16:50:13+08:00" level=info msg="start app on addr:4000" func="main.main()" file="main.go:71"
time="2024-10-17T16:51:09+08:00" level=info msg="read application configuration" func="dem3_demo_v2/pkg/config.GetConfig.func1()" file="config.go:33"
time="2024-10-17T16:51:09+08:00" level=info msg="start app on addr:4000" func="main.main()" file="main.go:71"
time="2024-10-17T16:52:16+08:00" level=info msg="read application configuration" func="dem3_demo_v2/pkg/config.GetConfig.func1()" file="config.go:33"
time="2024-10-17T16:52:16+08:00" level=info msg="start app on addr:4000" func="main.main()" file="main.go:71"
time="2024-10-17T16:52:35+08:00" level=info msg="read application configuration" func="dem3_demo_v2/pkg/config.GetConfig.func1()" file="config.go:33"
time="2024-10-17T16:52:35+08:00" level=info msg="start app on addr:4000" func="main.main()" file="main.go:71"
time="2024-10-17T16:54:19+08:00" level=info msg="read application configuration" func="dem3_demo_v2/pkg/config.GetConfig.func1()" file="config.go:33"
time="2024-10-17T16:54:19+08:00" level=info msg="start app on addr:4000" func="main.main()" file="main.go:71"
time="2024-10-17T16:54:43+08:00" level=info msg="read application configuration" func="dem3_demo_v2/pkg/config.GetConfig.func1()" file="config.go:33"
time="2024-10-17T16:54:43+08:00" level=info msg="start app on addr:4000" func="main.main()" file="main.go:71"
time="2024-10-18T10:44:03+08:00" level=info msg="read application configuration" func="dem3_demo_v2/pkg/config.GetConfig.func1()" file="config.go:33"
time="2024-10-18T10:44:03+08:00" level=info msg="start app on addr:4000" func="main.main()" file="main.go:71"
